<?xml version="1.0" encoding="UTF-8"?>
<!-- Generated by org.testng.reporters.JUnitReportReporter -->
<testsuite hostname="LAPTOP-T6PO7LC0" failures="0" tests="1" name="com.qa.rest.tests.GetCallBDD" time="3.442" errors="0" timestamp="2023-06-22T21:06:25 IST" skipped="0">
  <testcase classname="com.qa.rest.tests.GetCallBDD" name="test_numberOfCirecuits2022_Season" time="3.442"/>
  <system-out/>
</testsuite> <!-- com.qa.rest.tests.GetCallBDD -->
